This is pdfTeX, Version 3.141592653-2.6-1.40.23 (TeX Live 2021/W32TeX) (preloaded format=pdflatex 2022.3.20)  19 APR 2022 14:11
entering extended mode
 restricted \write18 enabled.
 %&-line parsing enabled.
**Data-integration-investigation.tex
(./Data-integration-investigation.tex
LaTeX2e <2021-11-15> patch level 1
L3 programming layer <2022-02-24>
(c:/Users/Christian/AppData/Roaming/TinyTeX/texmf-dist/tex/latex/base/article.c
ls
Document Class: article 2021/10/04 v1.4n Standard LaTeX document class

(c:/Users/Christian/AppData/Roaming/TinyTeX/texmf-dist/tex/latex/base/size10.cl
o
File: size10.clo 2021/10/04 v1.4n Standard LaTeX file (size option)
)
\c@part=\count185
\c@section=\count186
\c@subsection=\count187
\c@subsubsection=\count188
\c@paragraph=\count189
\c@subparagraph=\count190
\c@figure=\count191
\c@table=\count192
\abovecaptionskip=\skip47
\belowcaptionskip=\skip48
\bibindent=\dimen138
)
(c:/Users/Christian/AppData/Roaming/TinyTeX/texmf-dist/tex/latex/amsmath/amsmat
h.sty
Package: amsmath 2021/10/15 v2.17l AMS math features
\@mathmargin=\skip49
For additional information on amsmath, use the `?' option.

(c:/Users/Christian/AppData/Roaming/TinyTeX/texmf-dist/tex/latex/amsmath/amstex
t.sty
Package: amstext 2021/08/26 v2.01 AMS text

(c:/Users/Christian/AppData/Roaming/TinyTeX/texmf-dist/tex/latex/amsmath/amsgen
.sty
File: amsgen.sty 1999/11/30 v2.0 generic functions
\@emptytoks=\toks16
\ex@=\dimen139
))
(c:/Users/Christian/AppData/Roaming/TinyTeX/texmf-dist/tex/latex/amsmath/amsbsy
.sty
Package: amsbsy 1999/11/29 v1.2d Bold Symbols
\pmbraise@=\dimen140
)
(c:/Users/Christian/AppData/Roaming/TinyTeX/texmf-dist/tex/latex/amsmath/amsopn
.sty
Package: amsopn 2021/08/26 v2.02 operator names
)
\inf@bad=\count193
LaTeX Info: Redefining \frac on input line 234.
\uproot@=\count194
\leftroot@=\count195
LaTeX Info: Redefining \overline on input line 399.
\classnum@=\count196
\DOTSCASE@=\count197
LaTeX Info: Redefining \ldots on input line 496.
LaTeX Info: Redefining \dots on input line 499.
LaTeX Info: Redefining \cdots on input line 620.
\Mathstrutbox@=\box50
\strutbox@=\box51
\big@size=\dimen141
LaTeX Font Info:    Redeclaring font encoding OML on input line 743.
LaTeX Font Info:    Redeclaring font encoding OMS on input line 744.
\macc@depth=\count198
\c@MaxMatrixCols=\count199
\dotsspace@=\muskip16
\c@parentequation=\count266
\dspbrk@lvl=\count267
\tag@help=\toks17
\row@=\count268
\column@=\count269
\maxfields@=\count270
\andhelp@=\toks18
\eqnshift@=\dimen142
\alignsep@=\dimen143
\tagshift@=\dimen144
\tagwidth@=\dimen145
\totwidth@=\dimen146
\lineht@=\dimen147
\@envbody=\toks19
\multlinegap=\skip50
\multlinetaggap=\skip51
\mathdisplay@stack=\toks20
LaTeX Info: Redefining \[ on input line 2938.
LaTeX Info: Redefining \] on input line 2939.
)
(c:/Users/Christian/AppData/Roaming/TinyTeX/texmf-dist/tex/latex/amsfonts/amssy
mb.sty
Package: amssymb 2013/01/14 v3.01 AMS font symbols

(c:/Users/Christian/AppData/Roaming/TinyTeX/texmf-dist/tex/latex/amsfonts/amsfo
nts.sty
Package: amsfonts 2013/01/14 v3.01 Basic AMSFonts support
\symAMSa=\mathgroup4
\symAMSb=\mathgroup5
LaTeX Font Info:    Redeclaring math symbol \hbar on input line 98.
LaTeX Font Info:    Overwriting math alphabet `\mathfrak' in version `bold'
(Font)                  U/euf/m/n --> U/euf/b/n on input line 106.
))
(c:/Users/Christian/AppData/Roaming/TinyTeX/texmf-dist/tex/latex/lm/lmodern.sty
Package: lmodern 2015/05/01 v1.6.1 Latin Modern Fonts
LaTeX Font Info:    Overwriting symbol font `operators' in version `normal'
(Font)                  OT1/cmr/m/n --> OT1/lmr/m/n on input line 22.
LaTeX Font Info:    Overwriting symbol font `letters' in version `normal'
(Font)                  OML/cmm/m/it --> OML/lmm/m/it on input line 23.
LaTeX Font Info:    Overwriting symbol font `symbols' in version `normal'
(Font)                  OMS/cmsy/m/n --> OMS/lmsy/m/n on input line 24.
LaTeX Font Info:    Overwriting symbol font `largesymbols' in version `normal'
(Font)                  OMX/cmex/m/n --> OMX/lmex/m/n on input line 25.
LaTeX Font Info:    Overwriting symbol font `operators' in version `bold'
(Font)                  OT1/cmr/bx/n --> OT1/lmr/bx/n on input line 26.
LaTeX Font Info:    Overwriting symbol font `letters' in version `bold'
(Font)                  OML/cmm/b/it --> OML/lmm/b/it on input line 27.
LaTeX Font Info:    Overwriting symbol font `symbols' in version `bold'
(Font)                  OMS/cmsy/b/n --> OMS/lmsy/b/n on input line 28.
LaTeX Font Info:    Overwriting symbol font `largesymbols' in version `bold'
(Font)                  OMX/cmex/m/n --> OMX/lmex/m/n on input line 29.
LaTeX Font Info:    Overwriting math alphabet `\mathbf' in version `normal'
(Font)                  OT1/cmr/bx/n --> OT1/lmr/bx/n on input line 31.
LaTeX Font Info:    Overwriting math alphabet `\mathsf' in version `normal'
(Font)                  OT1/cmss/m/n --> OT1/lmss/m/n on input line 32.
LaTeX Font Info:    Overwriting math alphabet `\mathit' in version `normal'
(Font)                  OT1/cmr/m/it --> OT1/lmr/m/it on input line 33.
LaTeX Font Info:    Overwriting math alphabet `\mathtt' in version `normal'
(Font)                  OT1/cmtt/m/n --> OT1/lmtt/m/n on input line 34.
LaTeX Font Info:    Overwriting math alphabet `\mathbf' in version `bold'
(Font)                  OT1/cmr/bx/n --> OT1/lmr/bx/n on input line 35.
LaTeX Font Info:    Overwriting math alphabet `\mathsf' in version `bold'
(Font)                  OT1/cmss/bx/n --> OT1/lmss/bx/n on input line 36.
LaTeX Font Info:    Overwriting math alphabet `\mathit' in version `bold'
(Font)                  OT1/cmr/bx/it --> OT1/lmr/bx/it on input line 37.
LaTeX Font Info:    Overwriting math alphabet `\mathtt' in version `bold'
(Font)                  OT1/cmtt/m/n --> OT1/lmtt/m/n on input line 38.
)
(c:/Users/Christian/AppData/Roaming/TinyTeX/texmf-dist/tex/generic/iftex/ifxete
x.sty
Package: ifxetex 2019/10/25 v0.7 ifxetex legacy package. Use iftex instead.

(c:/Users/Christian/AppData/Roaming/TinyTeX/texmf-dist/tex/generic/iftex/iftex.
sty
Package: iftex 2022/02/03 v1.0f TeX engine tests
))
(c:/Users/Christian/AppData/Roaming/TinyTeX/texmf-dist/tex/generic/iftex/ifluat
ex.sty
Package: ifluatex 2019/10/25 v1.5 ifluatex legacy package. Use iftex instead.
)
(c:/Users/Christian/AppData/Roaming/TinyTeX/texmf-dist/tex/latex/base/fontenc.s
ty
Package: fontenc 2021/04/29 v2.0v Standard LaTeX package
LaTeX Font Info:    Trying to load font information for T1+lmr on input line 11
2.
(c:/Users/Christian/AppData/Roaming/TinyTeX/texmf-dist/tex/latex/lm/t1lmr.fd
File: t1lmr.fd 2015/05/01 v1.6.1 Font defs for Latin Modern
))
(c:/Users/Christian/AppData/Roaming/TinyTeX/texmf-dist/tex/latex/base/inputenc.
sty
Package: inputenc 2021/02/14 v1.3d Input encoding file
\inpenc@prehook=\toks21
\inpenc@posthook=\toks22
)
(c:/Users/Christian/AppData/Roaming/TinyTeX/texmf-dist/tex/latex/base/textcomp.
sty
Package: textcomp 2020/02/02 v2.0n Standard LaTeX package
)
(c:/Users/Christian/AppData/Roaming/TinyTeX/texmf-dist/tex/latex/xcolor/xcolor.
sty
Package: xcolor 2021/10/31 v2.13 LaTeX color extensions (UK)

(c:/Users/Christian/AppData/Roaming/TinyTeX/texmf-dist/tex/latex/graphics-cfg/c
olor.cfg
File: color.cfg 2016/01/02 v1.6 sample color configuration
)
Package xcolor Info: Driver file: pdftex.def on input line 227.

(c:/Users/Christian/AppData/Roaming/TinyTeX/texmf-dist/tex/latex/graphics-def/p
dftex.def
File: pdftex.def 2020/10/05 v1.2a Graphics/color driver for pdftex
)
Package xcolor Info: Model `cmy' substituted by `cmy0' on input line 1352.
Package xcolor Info: Model `hsb' substituted by `rgb' on input line 1356.
Package xcolor Info: Model `RGB' extended on input line 1368.
Package xcolor Info: Model `HTML' substituted by `rgb' on input line 1370.
Package xcolor Info: Model `Hsb' substituted by `hsb' on input line 1371.
Package xcolor Info: Model `tHsb' substituted by `hsb' on input line 1372.
Package xcolor Info: Model `HSB' substituted by `hsb' on input line 1373.
Package xcolor Info: Model `Gray' substituted by `gray' on input line 1374.
Package xcolor Info: Model `wave' substituted by `hsb' on input line 1375.
)
(c:/Users/Christian/AppData/Roaming/TinyTeX/texmf-dist/tex/latex/hyperref/hyper
ref.sty
Package: hyperref 2022-02-21 v7.00n Hypertext links for LaTeX

(c:/Users/Christian/AppData/Roaming/TinyTeX/texmf-dist/tex/generic/ltxcmds/ltxc
mds.sty
Package: ltxcmds 2020-05-10 v1.25 LaTeX kernel commands for general use (HO)
)
(c:/Users/Christian/AppData/Roaming/TinyTeX/texmf-dist/tex/generic/pdftexcmds/p
dftexcmds.sty
Package: pdftexcmds 2020-06-27 v0.33 Utility functions of pdfTeX for LuaTeX (HO
)

(c:/Users/Christian/AppData/Roaming/TinyTeX/texmf-dist/tex/generic/infwarerr/in
fwarerr.sty
Package: infwarerr 2019/12/03 v1.5 Providing info/warning/error messages (HO)
)
Package pdftexcmds Info: \pdf@primitive is available.
Package pdftexcmds Info: \pdf@ifprimitive is available.
Package pdftexcmds Info: \pdfdraftmode found.
)
(c:/Users/Christian/AppData/Roaming/TinyTeX/texmf-dist/tex/latex/graphics/keyva
l.sty
Package: keyval 2014/10/28 v1.15 key=value parser (DPC)
\KV@toks@=\toks23
)
(c:/Users/Christian/AppData/Roaming/TinyTeX/texmf-dist/tex/generic/kvsetkeys/kv
setkeys.sty
Package: kvsetkeys 2019/12/15 v1.18 Key value parser (HO)
)
(c:/Users/Christian/AppData/Roaming/TinyTeX/texmf-dist/tex/generic/kvdefinekeys
/kvdefinekeys.sty
Package: kvdefinekeys 2019-12-19 v1.6 Define keys (HO)
)
(c:/Users/Christian/AppData/Roaming/TinyTeX/texmf-dist/tex/generic/pdfescape/pd
fescape.sty
Package: pdfescape 2019/12/09 v1.15 Implements pdfTeX's escape features (HO)
)
(c:/Users/Christian/AppData/Roaming/TinyTeX/texmf-dist/tex/latex/hycolor/hycolo
r.sty
Package: hycolor 2020-01-27 v1.10 Color options for hyperref/bookmark (HO)
)
(c:/Users/Christian/AppData/Roaming/TinyTeX/texmf-dist/tex/latex/letltxmacro/le
tltxmacro.sty
Package: letltxmacro 2019/12/03 v1.6 Let assignment for LaTeX macros (HO)
)
(c:/Users/Christian/AppData/Roaming/TinyTeX/texmf-dist/tex/latex/auxhook/auxhoo
k.sty
Package: auxhook 2019-12-17 v1.6 Hooks for auxiliary files (HO)
)
(c:/Users/Christian/AppData/Roaming/TinyTeX/texmf-dist/tex/latex/kvoptions/kvop
tions.sty
Package: kvoptions 2020-10-07 v3.14 Key value format for package options (HO)
)
\@linkdim=\dimen148
\Hy@linkcounter=\count271
\Hy@pagecounter=\count272

(c:/Users/Christian/AppData/Roaming/TinyTeX/texmf-dist/tex/latex/hyperref/pd1en
c.def
File: pd1enc.def 2022-02-21 v7.00n Hyperref: PDFDocEncoding definition (HO)
Now handling font encoding PD1 ...
... no UTF-8 mapping file for font encoding PD1
)
(c:/Users/Christian/AppData/Roaming/TinyTeX/texmf-dist/tex/generic/intcalc/intc
alc.sty
Package: intcalc 2019/12/15 v1.3 Expandable calculations with integers (HO)
)
(c:/Users/Christian/AppData/Roaming/TinyTeX/texmf-dist/tex/generic/etexcmds/ete
xcmds.sty
Package: etexcmds 2019/12/15 v1.7 Avoid name clashes with e-TeX commands (HO)
)
\Hy@SavedSpaceFactor=\count273

(c:/Users/Christian/AppData/Roaming/TinyTeX/texmf-dist/tex/latex/hyperref/puenc
.def
File: puenc.def 2022-02-21 v7.00n Hyperref: PDF Unicode definition (HO)
Now handling font encoding PU ...
... no UTF-8 mapping file for font encoding PU
)
Package hyperref Info: Option `unicode' set `true' on input line 4018.
Package hyperref Info: Hyper figures OFF on input line 4137.
Package hyperref Info: Link nesting OFF on input line 4142.
Package hyperref Info: Hyper index ON on input line 4145.
Package hyperref Info: Plain pages OFF on input line 4152.
Package hyperref Info: Backreferencing OFF on input line 4157.
Package hyperref Info: Implicit mode ON; LaTeX internals redefined.
Package hyperref Info: Bookmarks ON on input line 4390.
\c@Hy@tempcnt=\count274
(c:/Users/Christian/AppData/Roaming/TinyTeX/texmf-dist/tex/latex/url/url.sty
\Urlmuskip=\muskip17
Package: url 2013/09/16  ver 3.4  Verb mode for urls, etc.
)
LaTeX Info: Redefining \url on input line 4749.
\XeTeXLinkMargin=\dimen149

(c:/Users/Christian/AppData/Roaming/TinyTeX/texmf-dist/tex/generic/bitset/bitse
t.sty
Package: bitset 2019/12/09 v1.3 Handle bit-vector datatype (HO)

(c:/Users/Christian/AppData/Roaming/TinyTeX/texmf-dist/tex/generic/bigintcalc/b
igintcalc.sty
Package: bigintcalc 2019/12/15 v1.5 Expandable calculations on big integers (HO
)
))
\Fld@menulength=\count275
\Field@Width=\dimen150
\Fld@charsize=\dimen151
Package hyperref Info: Hyper figures OFF on input line 6027.
Package hyperref Info: Link nesting OFF on input line 6032.
Package hyperref Info: Hyper index ON on input line 6035.
Package hyperref Info: backreferencing OFF on input line 6042.
Package hyperref Info: Link coloring OFF on input line 6047.
Package hyperref Info: Link coloring with OCG OFF on input line 6052.
Package hyperref Info: PDF/A mode OFF on input line 6057.
LaTeX Info: Redefining \ref on input line 6097.
LaTeX Info: Redefining \pageref on input line 6101.

(c:/Users/Christian/AppData/Roaming/TinyTeX/texmf-dist/tex/latex/base/atbegshi-
ltx.sty
Package: atbegshi-ltx 2021/01/10 v1.0c Emulation of the original atbegshi
package with kernel methods
)
\Hy@abspage=\count276
\c@Item=\count277
\c@Hfootnote=\count278
)
Package hyperref Info: Driver (autodetected): hpdftex.

(c:/Users/Christian/AppData/Roaming/TinyTeX/texmf-dist/tex/latex/hyperref/hpdft
ex.def
File: hpdftex.def 2022-02-21 v7.00n Hyperref driver for pdfTeX

(c:/Users/Christian/AppData/Roaming/TinyTeX/texmf-dist/tex/latex/base/atveryend
-ltx.sty
Package: atveryend-ltx 2020/08/19 v1.0a Emulation of the original atveryend pac
kage
with kernel methods
)
\Fld@listcount=\count279
\c@bookmark@seq@number=\count280

(c:/Users/Christian/AppData/Roaming/TinyTeX/texmf-dist/tex/latex/rerunfilecheck
/rerunfilecheck.sty
Package: rerunfilecheck 2019/12/05 v1.9 Rerun checks for auxiliary files (HO)

(c:/Users/Christian/AppData/Roaming/TinyTeX/texmf-dist/tex/generic/uniquecounte
r/uniquecounter.sty
Package: uniquecounter 2019/12/15 v1.4 Provide unlimited unique counter (HO)
)
Package uniquecounter Info: New unique counter `rerunfilecheck' on input line 2
86.
)
\Hy@SectionHShift=\skip52
)
(c:/Users/Christian/AppData/Roaming/TinyTeX/texmf-dist/tex/latex/geometry/geome
try.sty
Package: geometry 2020/01/02 v5.9 Page Geometry

(c:/Users/Christian/AppData/Roaming/TinyTeX/texmf-dist/tex/generic/iftex/ifvtex
.sty
Package: ifvtex 2019/10/25 v1.7 ifvtex legacy package. Use iftex instead.
)
\Gm@cnth=\count281
\Gm@cntv=\count282
\c@Gm@tempcnt=\count283
\Gm@bindingoffset=\dimen152
\Gm@wd@mp=\dimen153
\Gm@odd@mp=\dimen154
\Gm@even@mp=\dimen155
\Gm@layoutwidth=\dimen156
\Gm@layoutheight=\dimen157
\Gm@layouthoffset=\dimen158
\Gm@layoutvoffset=\dimen159
\Gm@dimlist=\toks24
)
(c:/Users/Christian/AppData/Roaming/TinyTeX/texmf-dist/tex/latex/graphics/graph
icx.sty
Package: graphicx 2021/09/16 v1.2d Enhanced LaTeX Graphics (DPC,SPQR)

(c:/Users/Christian/AppData/Roaming/TinyTeX/texmf-dist/tex/latex/graphics/graph
ics.sty
Package: graphics 2021/03/04 v1.4d Standard LaTeX Graphics (DPC,SPQR)

(c:/Users/Christian/AppData/Roaming/TinyTeX/texmf-dist/tex/latex/graphics/trig.
sty
Package: trig 2021/08/11 v1.11 sin cos tan (DPC)
)
(c:/Users/Christian/AppData/Roaming/TinyTeX/texmf-dist/tex/latex/graphics-cfg/g
raphics.cfg
File: graphics.cfg 2016/06/04 v1.11 sample graphics configuration
)
Package graphics Info: Driver file: pdftex.def on input line 107.
)
\Gin@req@height=\dimen160
\Gin@req@width=\dimen161
)
(c:/Users/Christian/AppData/Roaming/TinyTeX/texmf-dist/tex/latex/setspace/setsp
ace.sty
Package: setspace 2011/12/19 v6.7a set line spacing
)
(c:/Users/Christian/AppData/Roaming/TinyTeX/texmf-dist/tex/latex/mdframed/mdfra
med.sty
Package: mdframed 2013/07/01 1.9b: mdframed

(c:/Users/Christian/AppData/Roaming/TinyTeX/texmf-dist/tex/latex/l3packages/xpa
rse/xparse.sty
(c:/Users/Christian/AppData/Roaming/TinyTeX/texmf-dist/tex/latex/l3kernel/expl3
.sty
Package: expl3 2022-02-24 L3 programming layer (loader) 

(c:/Users/Christian/AppData/Roaming/TinyTeX/texmf-dist/tex/latex/l3backend/l3ba
ckend-pdftex.def
File: l3backend-pdftex.def 2022-02-07 L3 backend support: PDF output (pdfTeX)
\l__color_backend_stack_int=\count284
\l__pdf_internal_box=\box52
))
Package: xparse 2022-01-12 L3 Experimental document command parser
)
(c:/Users/Christian/AppData/Roaming/TinyTeX/texmf-dist/tex/latex/etoolbox/etool
box.sty
Package: etoolbox 2020/10/05 v2.5k e-TeX tools for LaTeX (JAW)
\etb@tempcnta=\count285
)
(c:/Users/Christian/AppData/Roaming/TinyTeX/texmf-dist/tex/latex/zref/zref-absp
age.sty
Package: zref-abspage 2020-07-03 v2.32 Module abspage for zref (HO)

(c:/Users/Christian/AppData/Roaming/TinyTeX/texmf-dist/tex/latex/zref/zref-base
.sty
Package: zref-base 2020-07-03 v2.32 Module base for zref (HO)
Package zref Info: New property list: main on input line 764.
Package zref Info: New property: default on input line 765.
Package zref Info: New property: page on input line 766.
)
\c@abspage=\count286
Package zref Info: New property: abspage on input line 66.
)
(c:/Users/Christian/AppData/Roaming/TinyTeX/texmf-dist/tex/latex/needspace/need
space.sty
Package: needspace 2010/09/12 v1.3d reserve vertical space
)
\mdf@templength=\skip53
\c@mdf@globalstyle@cnt=\count287
\mdf@skipabove@length=\skip54
\mdf@skipbelow@length=\skip55
\mdf@leftmargin@length=\skip56
\mdf@rightmargin@length=\skip57
\mdf@innerleftmargin@length=\skip58
\mdf@innerrightmargin@length=\skip59
\mdf@innertopmargin@length=\skip60
\mdf@innerbottommargin@length=\skip61
\mdf@splittopskip@length=\skip62
\mdf@splitbottomskip@length=\skip63
\mdf@outermargin@length=\skip64
\mdf@innermargin@length=\skip65
\mdf@linewidth@length=\skip66
\mdf@innerlinewidth@length=\skip67
\mdf@middlelinewidth@length=\skip68
\mdf@outerlinewidth@length=\skip69
\mdf@roundcorner@length=\skip70
\mdf@footenotedistance@length=\skip71
\mdf@userdefinedwidth@length=\skip72
\mdf@needspace@length=\skip73
\mdf@frametitleaboveskip@length=\skip74
\mdf@frametitlebelowskip@length=\skip75
\mdf@frametitlerulewidth@length=\skip76
\mdf@frametitleleftmargin@length=\skip77
\mdf@frametitlerightmargin@length=\skip78
\mdf@shadowsize@length=\skip79
\mdf@extratopheight@length=\skip80
\mdf@subtitleabovelinewidth@length=\skip81
\mdf@subtitlebelowlinewidth@length=\skip82
\mdf@subtitleaboveskip@length=\skip83
\mdf@subtitlebelowskip@length=\skip84
\mdf@subtitleinneraboveskip@length=\skip85
\mdf@subtitleinnerbelowskip@length=\skip86
\mdf@subsubtitleabovelinewidth@length=\skip87
\mdf@subsubtitlebelowlinewidth@length=\skip88
\mdf@subsubtitleaboveskip@length=\skip89
\mdf@subsubtitlebelowskip@length=\skip90
\mdf@subsubtitleinneraboveskip@length=\skip91
\mdf@subsubtitleinnerbelowskip@length=\skip92

(c:/Users/Christian/AppData/Roaming/TinyTeX/texmf-dist/tex/latex/mdframed/md-fr
ame-0.mdf
File: md-frame-0.mdf 2013/07/01\ 1.9b: md-frame-0
)
\mdf@frametitlebox=\box53
\mdf@footnotebox=\box54
\mdf@splitbox@one=\box55
\mdf@splitbox@two=\box56
\mdf@splitbox@save=\box57
\mdfsplitboxwidth=\skip93
\mdfsplitboxtotalwidth=\skip94
\mdfsplitboxheight=\skip95
\mdfsplitboxdepth=\skip96
\mdfsplitboxtotalheight=\skip97
\mdfframetitleboxwidth=\skip98
\mdfframetitleboxtotalwidth=\skip99
\mdfframetitleboxheight=\skip100
\mdfframetitleboxdepth=\skip101
\mdfframetitleboxtotalheight=\skip102
\mdffootnoteboxwidth=\skip103
\mdffootnoteboxtotalwidth=\skip104
\mdffootnoteboxheight=\skip105
\mdffootnoteboxdepth=\skip106
\mdffootnoteboxtotalheight=\skip107
\mdftotallinewidth=\skip108
\mdfboundingboxwidth=\skip109
\mdfboundingboxtotalwidth=\skip110
\mdfboundingboxheight=\skip111
\mdfboundingboxdepth=\skip112
\mdfboundingboxtotalheight=\skip113
\mdf@freevspace@length=\skip114
\mdf@horizontalwidthofbox@length=\skip115
\mdf@verticalmarginwhole@length=\skip116
\mdf@horizontalspaceofbox=\skip117
\mdfsubtitleheight=\skip118
\mdfsubsubtitleheight=\skip119
\c@mdfcountframes=\count288

****** mdframed patching \endmdf@trivlist

****** -- success******

\mdf@envdepth=\count289
\c@mdf@env@i=\count290
\c@mdf@env@ii=\count291
\c@mdf@zref@counter=\count292
Package zref Info: New property: mdf@pagevalue on input line 895.
)
(c:/Users/Christian/AppData/Roaming/TinyTeX/texmf-dist/tex/latex/caption/captio
n.sty
Package: caption 2022/03/01 v3.6b Customizing captions (AR)

(c:/Users/Christian/AppData/Roaming/TinyTeX/texmf-dist/tex/latex/caption/captio
n3.sty
Package: caption3 2022/03/17 v2.3b caption3 kernel (AR)
\caption@tempdima=\dimen162
\captionmargin=\dimen163
\caption@leftmargin=\dimen164
\caption@rightmargin=\dimen165
\caption@width=\dimen166
\caption@indent=\dimen167
\caption@parindent=\dimen168
\caption@hangindent=\dimen169
Package caption Info: Standard document class detected.
)
\c@caption@flags=\count293
\c@continuedfloat=\count294
Package caption Info: hyperref package is loaded.
)
(c:/Users/Christian/AppData/Roaming/TinyTeX/texmf-dist/tex/latex/algorithm2e/al
gorithm2e.sty
Package: algorithm2e 2017/07/18 v5.2 algorithms environments
\c@AlgoLine=\count295

(c:/Users/Christian/AppData/Roaming/TinyTeX/texmf-dist/tex/latex/base/ifthen.st
y
Package: ifthen 2020/11/24 v1.1c Standard LaTeX ifthen package (DPC)
)
\algocf@hangindent=\skip120

(c:/Users/Christian/AppData/Roaming/TinyTeX/texmf-dist/tex/latex/ifoddpage/ifod
dpage.sty
Package: ifoddpage 2016/04/23 v1.1 Conditionals for odd/even page detection
\c@checkoddpage=\count296
)
(c:/Users/Christian/AppData/Roaming/TinyTeX/texmf-dist/tex/latex/tools/xspace.s
ty
Package: xspace 2014/10/28 v1.13 Space after command names (DPC,MH)
)
(c:/Users/Christian/AppData/Roaming/TinyTeX/texmf-dist/tex/latex/relsize/relsiz
e.sty
Package: relsize 2013/03/29 ver 4.1
)
\skiptotal=\skip121
\skiplinenumber=\skip122
\skiprule=\skip123
\skiphlne=\skip124
\skiptext=\skip125
\skiplength=\skip126
\algomargin=\skip127
\skipalgocfslide=\skip128
\algowidth=\dimen170
\inoutsize=\dimen171
\inoutindent=\dimen172
\interspacetitleruled=\dimen173
\interspacealgoruled=\dimen174
\interspacetitleboxruled=\dimen175
\algocf@ruledwidth=\skip129
\algocf@inoutbox=\box58
\algocf@inputbox=\box59
\AlCapSkip=\skip130
\AlCapHSkip=\skip131
\algoskipindent=\skip132
\algocf@nlbox=\box60
\algocf@hangingbox=\box61
\algocf@untilbox=\box62
\algocf@skipuntil=\skip133
\algocf@capbox=\box63
\algocf@lcaptionbox=\skip134
\algoheightruledefault=\skip135
\algoheightrule=\skip136
\algotitleheightruledefault=\skip137
\algotitleheightrule=\skip138
\c@algocfline=\count297
\c@algocfproc=\count298
\c@algocf=\count299
\algocf@algoframe=\box64
\algocf@algobox=\box65
)
(c:/Users/Christian/AppData/Roaming/TinyTeX/texmf-dist/tex/latex/float/float.st
y
Package: float 2001/11/08 v1.3d Float enhancements (AL)
\c@float@type=\count300
\float@exts=\toks25
\float@box=\box66
\@float@everytoks=\toks26
\@floatcapt=\box67
)
(c:/Users/Christian/AppData/Roaming/TinyTeX/texmf-dist/tex/latex/tools/longtabl
e.sty
Package: longtable 2021-09-01 v4.17 Multi-page Table package (DPC)
\LTleft=\skip139
\LTright=\skip140
\LTpre=\skip141
\LTpost=\skip142
\LTchunksize=\count301
\LTcapwidth=\dimen176
\LT@head=\box68
\LT@firsthead=\box69
\LT@foot=\box70
\LT@lastfoot=\box71
\LT@gbox=\box72
\LT@cols=\count302
\LT@rows=\count303
\c@LT@tables=\count304
\c@LT@chunks=\count305
\LT@p@ftn=\toks27
)
(c:/Users/Christian/AppData/Roaming/TinyTeX/texmf-dist/tex/latex/blkarray/blkar
ray.sty
Package: blkarray 2015/02/27 v0.07 Block array (dpc)
\c@BAenumi=\count306
\BA@col=\count307
\BA@block@cnt=\count308
\BA@final@box=\box73
\BA@first@box=\box74
\BA@colsep=\dimen177
\BA@ftn=\toks28
\BAextrarowheight=\dimen178
\BAextraheightafterhline=\dimen179
\BAarrayrulewidth=\dimen180
\BAdoublerulesep=\dimen181
\BAfootskip=\dimen182
\BA@dashbox=\box75
\BA@ddashbox=\box76
)
(c:/Users/Christian/AppData/Roaming/TinyTeX/texmf-dist/tex/latex/multirow/bigst
rut.sty
Package: bigstrut 2021/03/15 v2.8 Provide larger struts in tabulars
\bigstrutjot=\dimen183
)
(c:/Users/Christian/AppData/Roaming/TinyTeX/texmf-dist/tex/latex/booktabs/bookt
abs.sty
Package: booktabs 2020/01/12 v1.61803398 Publication quality tables
\heavyrulewidth=\dimen184
\lightrulewidth=\dimen185
\cmidrulewidth=\dimen186
\belowrulesep=\dimen187
\belowbottomsep=\dimen188
\aboverulesep=\dimen189
\abovetopsep=\dimen190
\cmidrulesep=\dimen191
\cmidrulekern=\dimen192
\defaultaddspace=\dimen193
\@cmidla=\count309
\@cmidlb=\count310
\@aboverulesep=\dimen194
\@belowrulesep=\dimen195
\@thisruleclass=\count311
\@lastruleclass=\count312
\@thisrulewidth=\dimen196
)
(c:/Users/Christian/AppData/Roaming/TinyTeX/texmf-dist/tex/latex/multirow/multi
row.sty
Package: multirow 2021/03/15 v2.8 Span multiple rows of a table
\multirow@colwidth=\skip143
\multirow@cntb=\count313
\multirow@dima=\skip144
)
\cslhangindent=\skip145
\csllabelwidth=\skip146

(c:/Users/Christian/AppData/Roaming/TinyTeX/texmf-dist/tex/latex/tools/calc.sty
Package: calc 2017/05/25 v4.3 Infix arithmetic (KKT,FJ)
\calc@Acount=\count314
\calc@Bcount=\count315
\calc@Adimen=\dimen197
\calc@Bdimen=\dimen198
\calc@Askip=\skip147
\calc@Bskip=\skip148
LaTeX Info: Redefining \setlength on input line 80.
LaTeX Info: Redefining \addtolength on input line 81.
\calc@Ccount=\count316
\calc@Cskip=\skip149
) (./Data-integration-investigation.aux)
\openout1 = `Data-integration-investigation.aux'.

LaTeX Font Info:    Checking defaults for OML/cmm/m/it on input line 98.
LaTeX Font Info:    ... okay on input line 98.
LaTeX Font Info:    Checking defaults for OMS/cmsy/m/n on input line 98.
LaTeX Font Info:    ... okay on input line 98.
LaTeX Font Info:    Checking defaults for OT1/cmr/m/n on input line 98.
LaTeX Font Info:    ... okay on input line 98.
LaTeX Font Info:    Checking defaults for T1/cmr/m/n on input line 98.
LaTeX Font Info:    ... okay on input line 98.
LaTeX Font Info:    Checking defaults for TS1/cmr/m/n on input line 98.
LaTeX Font Info:    ... okay on input line 98.
LaTeX Font Info:    Checking defaults for OMX/cmex/m/n on input line 98.
LaTeX Font Info:    ... okay on input line 98.
LaTeX Font Info:    Checking defaults for U/cmr/m/n on input line 98.
LaTeX Font Info:    ... okay on input line 98.
LaTeX Font Info:    Checking defaults for PD1/pdf/m/n on input line 98.
LaTeX Font Info:    ... okay on input line 98.
LaTeX Font Info:    Checking defaults for PU/pdf/m/n on input line 98.
LaTeX Font Info:    ... okay on input line 98.

(c:/Users/Christian/AppData/Roaming/TinyTeX/texmf-dist/tex/latex/epstopdf-pkg/e
pstopdf-base.sty
Package: epstopdf-base 2020-01-24 v2.11 Base part for package epstopdf
Package epstopdf-base Info: Redefining graphics rule for `.eps' on input line 4
85.

(c:/Users/Christian/AppData/Roaming/TinyTeX/texmf-dist/tex/latex/latexconfig/ep
stopdf-sys.cfg
File: epstopdf-sys.cfg 2010/07/13 v1.3 Configuration of (r)epstopdf for TeX Liv
e
))
Package hyperref Info: Link coloring OFF on input line 98.

(c:/Users/Christian/AppData/Roaming/TinyTeX/texmf-dist/tex/latex/hyperref/namer
ef.sty
Package: nameref 2021-04-02 v2.47 Cross-referencing by name of section

(c:/Users/Christian/AppData/Roaming/TinyTeX/texmf-dist/tex/latex/refcount/refco
unt.sty
Package: refcount 2019/12/15 v3.6 Data extraction from label references (HO)
)
(c:/Users/Christian/AppData/Roaming/TinyTeX/texmf-dist/tex/generic/gettitlestri
ng/gettitlestring.sty
Package: gettitlestring 2019/12/15 v1.6 Cleanup title references (HO)
)
\c@section@level=\count317
)
LaTeX Info: Redefining \ref on input line 98.
LaTeX Info: Redefining \pageref on input line 98.
LaTeX Info: Redefining \nameref on input line 98.
(./Data-integration-investigation.out) (./Data-integration-investigation.out)
\@outlinefile=\write3
\openout3 = `Data-integration-investigation.out'.

*geometry* driver: auto-detecting
*geometry* detected driver: pdftex
*geometry* verbose mode - [ preamble ] result:
* driver: pdftex
* paper: <default>
* layout: <same size as paper>
* layoutoffset:(h,v)=(0.0pt,0.0pt)
* modes: 
* h-part:(L,W,R)=(72.26999pt, 469.75502pt, 72.26999pt)
* v-part:(T,H,B)=(72.26999pt, 650.43001pt, 72.26999pt)
* \paperwidth=614.295pt
* \paperheight=794.96999pt
* \textwidth=469.75502pt
* \textheight=650.43001pt
* \oddsidemargin=0.0pt
* \evensidemargin=0.0pt
* \topmargin=-37.0pt
* \headheight=12.0pt
* \headsep=25.0pt
* \topskip=10.0pt
* \footskip=30.0pt
* \marginparwidth=65.0pt
* \marginparsep=11.0pt
* \columnsep=10.0pt
* \skip\footins=9.0pt plus 4.0pt minus 2.0pt
* \hoffset=0.0pt
* \voffset=0.0pt
* \mag=1000
* \@twocolumnfalse
* \@twosidefalse
* \@mparswitchfalse
* \@reversemarginfalse
* (1in=72.27pt=25.4mm, 1cm=28.453pt)

Package caption Info: Begin \AtBeginDocument code.
Package caption Info: float package is loaded.
Package caption Info: longtable package is loaded.

(c:/Users/Christian/AppData/Roaming/TinyTeX/texmf-dist/tex/latex/caption/ltcapt
ion.sty
Package: ltcaption 2021/01/08 v1.4c longtable captions (AR)
)
Package caption Info: End \AtBeginDocument code.
LaTeX Font Info:    Trying to load font information for OT1+lmr on input line 1
00.
(c:/Users/Christian/AppData/Roaming/TinyTeX/texmf-dist/tex/latex/lm/ot1lmr.fd
File: ot1lmr.fd 2015/05/01 v1.6.1 Font defs for Latin Modern
)
LaTeX Font Info:    Trying to load font information for OML+lmm on input line 1
00.
(c:/Users/Christian/AppData/Roaming/TinyTeX/texmf-dist/tex/latex/lm/omllmm.fd
File: omllmm.fd 2015/05/01 v1.6.1 Font defs for Latin Modern
)
LaTeX Font Info:    Trying to load font information for OMS+lmsy on input line 
100.
(c:/Users/Christian/AppData/Roaming/TinyTeX/texmf-dist/tex/latex/lm/omslmsy.fd
File: omslmsy.fd 2015/05/01 v1.6.1 Font defs for Latin Modern
)
LaTeX Font Info:    Trying to load font information for OMX+lmex on input line 
100.
(c:/Users/Christian/AppData/Roaming/TinyTeX/texmf-dist/tex/latex/lm/omxlmex.fd
File: omxlmex.fd 2015/05/01 v1.6.1 Font defs for Latin Modern
)
LaTeX Font Info:    External font `lmex10' loaded for size
(Font)              <12> on input line 100.
LaTeX Font Info:    External font `lmex10' loaded for size
(Font)              <8> on input line 100.
LaTeX Font Info:    External font `lmex10' loaded for size
(Font)              <6> on input line 100.
LaTeX Font Info:    Trying to load font information for U+msa on input line 100
.

(c:/Users/Christian/AppData/Roaming/TinyTeX/texmf-dist/tex/latex/amsfonts/umsa.
fd
File: umsa.fd 2013/01/14 v3.01 AMS symbols A
)
LaTeX Font Info:    Trying to load font information for U+msb on input line 100
.

(c:/Users/Christian/AppData/Roaming/TinyTeX/texmf-dist/tex/latex/amsfonts/umsb.
fd
File: umsb.fd 2013/01/14 v3.01 AMS symbols B
) (./Data-integration-investigation.toc
LaTeX Font Info:    External font `lmex10' loaded for size
(Font)              <10> on input line 3.
LaTeX Font Info:    External font `lmex10' loaded for size
(Font)              <7> on input line 3.
LaTeX Font Info:    External font `lmex10' loaded for size
(Font)              <5> on input line 3.
)
\tf@toc=\write4
\openout4 = `Data-integration-investigation.toc'.

[1

{c:/Users/Christian/AppData/Roaming/TinyTeX/texmf-var/fonts/map/pdftex/updmap/p
dftex.map}]
<Data-integration-investigation_files/figure-latex/unnamed-chunk-1-1.pdf, id=94
, 722.7pt x 578.16pt>
File: Data-integration-investigation_files/figure-latex/unnamed-chunk-1-1.pdf G
raphic file (type pdf)
<use Data-integration-investigation_files/figure-latex/unnamed-chunk-1-1.pdf>
Package pdftex.def Info: Data-integration-investigation_files/figure-latex/unna
med-chunk-1-1.pdf  used on input line 129.
(pdftex.def)             Requested size: 469.76045pt x 375.80836pt.
[2 <./Data-integration-investigation_files/figure-latex/unnamed-chunk-1-1.pdf>]
<Data-integration-investigation_files/figure-latex/unnamed-chunk-4-1.pdf, id=11
4, 722.7pt x 578.16pt>
File: Data-integration-investigation_files/figure-latex/unnamed-chunk-4-1.pdf G
raphic file (type pdf)
<use Data-integration-investigation_files/figure-latex/unnamed-chunk-4-1.pdf>
Package pdftex.def Info: Data-integration-investigation_files/figure-latex/unna
med-chunk-4-1.pdf  used on input line 148.
(pdftex.def)             Requested size: 469.76045pt x 375.80836pt.
<Data-integration-investigation_files/figure-latex/unnamed-chunk-5-1.pdf, id=11
5, 722.7pt x 578.16pt>
File: Data-integration-investigation_files/figure-latex/unnamed-chunk-5-1.pdf G
raphic file (type pdf)
<use Data-integration-investigation_files/figure-latex/unnamed-chunk-5-1.pdf>
Package pdftex.def Info: Data-integration-investigation_files/figure-latex/unna
med-chunk-5-1.pdf  used on input line 167.
(pdftex.def)             Requested size: 469.76045pt x 375.80836pt.
[3 <./Data-integration-investigation_files/figure-latex/unnamed-chunk-4-1.pdf>]
<Data-integration-investigation_files/figure-latex/unnamed-chunk-8-1.pdf, id=12
7, 722.7pt x 578.16pt>
File: Data-integration-investigation_files/figure-latex/unnamed-chunk-8-1.pdf G
raphic file (type pdf)
<use Data-integration-investigation_files/figure-latex/unnamed-chunk-8-1.pdf>
Package pdftex.def Info: Data-integration-investigation_files/figure-latex/unna
med-chunk-8-1.pdf  used on input line 184.
(pdftex.def)             Requested size: 469.76045pt x 375.80836pt.
[4 <./Data-integration-investigation_files/figure-latex/unnamed-chunk-5-1.pdf>]

Package amsmath Warning: Foreign command \atopwithdelims;
(amsmath)                \frac or \genfrac should be used instead
(amsmath)                 on input line 204.

[5 <./Data-integration-investigation_files/figure-latex/unnamed-chunk-8-1.pdf>]
<Data-integration-investigation_files/figure-latex/unnamed-chunk-9-1.pdf, id=15
3, 722.7pt x 578.16pt>
File: Data-integration-investigation_files/figure-latex/unnamed-chunk-9-1.pdf G
raphic file (type pdf)
<use Data-integration-investigation_files/figure-latex/unnamed-chunk-9-1.pdf>
Package pdftex.def Info: Data-integration-investigation_files/figure-latex/unna
med-chunk-9-1.pdf  used on input line 213.
(pdftex.def)             Requested size: 469.76045pt x 375.80836pt.
[6 <./Data-integration-investigation_files/figure-latex/unnamed-chunk-9-1.pdf>]
[7] [8]
<Data-integration-investigation_files/figure-latex/unnamed-chunk-15-1.pdf, id=1
85, 722.7pt x 578.16pt>
File: Data-integration-investigation_files/figure-latex/unnamed-chunk-15-1.pdf 
Graphic file (type pdf)
<use Data-integration-investigation_files/figure-latex/unnamed-chunk-15-1.pdf>
Package pdftex.def Info: Data-integration-investigation_files/figure-latex/unna
med-chunk-15-1.pdf  used on input line 341.
(pdftex.def)             Requested size: 469.76045pt x 375.80836pt.
[9] [10 <./Data-integration-investigation_files/figure-latex/unnamed-chunk-15-1
.pdf>]
<Data-integration-investigation_files/figure-latex/unnamed-chunk-16-1.pdf, id=2
02, 722.7pt x 578.16pt>
File: Data-integration-investigation_files/figure-latex/unnamed-chunk-16-1.pdf 
Graphic file (type pdf)
<use Data-integration-investigation_files/figure-latex/unnamed-chunk-16-1.pdf>
Package pdftex.def Info: Data-integration-investigation_files/figure-latex/unna
med-chunk-16-1.pdf  used on input line 372.
(pdftex.def)             Requested size: 469.76045pt x 375.80836pt.
[11 <./Data-integration-investigation_files/figure-latex/unnamed-chunk-16-1.pdf
>] [12] (./Data-integration-investigation.aux)
Package rerunfilecheck Info: File `Data-integration-investigation.out' has not 
changed.
(rerunfilecheck)             Checksum: 78C0AB519D54BD32A6963F1A07103A55;2796.
 ) 
Here is how much of TeX's memory you used:
 14859 strings out of 480236
 250714 string characters out of 5893886
 553125 words of memory out of 5000000
 32502 multiletter control sequences out of 15000+600000
 524780 words of font info for 69 fonts, out of 8000000 for 9000
 14 hyphenation exceptions out of 8191
 68i,18n,77p,540b,405s stack positions out of 5000i,500n,10000p,200000b,80000s
{c:/Users/Christian/AppData/Roaming/TinyTeX/texmf-dist/fonts/enc/dvips/lm/lm-
ec.enc}{c:/Users/Christian/AppData/Roaming/TinyTeX/texmf-dist/fonts/enc/dvips/l
m/lm-rm.enc}{c:/Users/Christian/AppData/Roaming/TinyTeX/texmf-dist/fonts/enc/dv
ips/lm/lm-mathit.enc}{c:/Users/Christian/AppData/Roaming/TinyTeX/texmf-dist/fon
ts/enc/dvips/lm/lm-mathex.enc}{c:/Users/Christian/AppData/Roaming/TinyTeX/texmf
-dist/fonts/enc/dvips/lm/lm-mathsy.enc}<c:/Users/Christian/AppData/Roaming/Tiny
TeX/texmf-dist/fonts/type1/public/lm/lmbx10.pfb><c:/Users/Christian/AppData/Roa
ming/TinyTeX/texmf-dist/fonts/type1/public/lm/lmbx12.pfb><c:/Users/Christian/Ap
pData/Roaming/TinyTeX/texmf-dist/fonts/type1/public/lm/lmex10.pfb><c:/Users/Chr
istian/AppData/Roaming/TinyTeX/texmf-dist/fonts/type1/public/lm/lmmi10.pfb><c:/
Users/Christian/AppData/Roaming/TinyTeX/texmf-dist/fonts/type1/public/lm/lmmi5.
pfb><c:/Users/Christian/AppData/Roaming/TinyTeX/texmf-dist/fonts/type1/public/l
m/lmmi7.pfb><c:/Users/Christian/AppData/Roaming/TinyTeX/texmf-dist/fonts/type1/
public/lm/lmr10.pfb><c:/Users/Christian/AppData/Roaming/TinyTeX/texmf-dist/font
s/type1/public/lm/lmr17.pfb><c:/Users/Christian/AppData/Roaming/TinyTeX/texmf-d
ist/fonts/type1/public/lm/lmr5.pfb><c:/Users/Christian/AppData/Roaming/TinyTeX/
texmf-dist/fonts/type1/public/lm/lmr7.pfb><c:/Users/Christian/AppData/Roaming/T
inyTeX/texmf-dist/fonts/type1/public/lm/lmri10.pfb><c:/Users/Christian/AppData/
Roaming/TinyTeX/texmf-dist/fonts/type1/public/lm/lmsy10.pfb><c:/Users/Christian
/AppData/Roaming/TinyTeX/texmf-dist/fonts/type1/public/lm/lmsy7.pfb><c:/Users/C
hristian/AppData/Roaming/TinyTeX/texmf-dist/fonts/type1/public/amsfonts/symbols
/msbm10.pfb>
Output written on Data-integration-investigation.pdf (12 pages, 414884 bytes).
PDF statistics:
 306 PDF objects out of 1000 (max. 8388607)
 244 compressed objects within 3 object streams
 51 named destinations out of 1000 (max. 500000)
 164 words of extra memory for PDF output out of 10000 (max. 10000000)

